Source.obj : error LNK2001: unresolved external symbol _avformat_open_input
Source.obj : error LNK2001: unresolved external symbol _SDL_RenderCopy
Source.obj : error LNK2001: unresolved external symbol _SDL_RenderClear
Source.obj : error LNK2001: unresolved external symbol _avcodec_find_decoder
Source.obj : error LNK2001: unresolved external symbol _av_read_frame
Source.obj : error LNK2001: unresolved external symbol _sf_read_float
Source.obj : error LNK2001: unresolved external symbol _avcodec_parameters_to_context
Source.obj : error LNK2001: unresolved external symbol _SDL_Init
Source.obj : error LNK2001: unresolved external symbol _av_packet_free
Source.obj : error LNK2001: unresolved external symbol _av_log
Source.obj : error LNK2001: unresolved external symbol _SDL_GetError
Source.obj : error LNK2001: unresolved external symbol _av_frame_free
Source.obj : error LNK2001: unresolved external symbol _avformat_close_input
Source.obj : error LNK2001: unresolved external symbol _sf_error
Source.obj : error LNK2001: unresolved external symbol _av_init_packet
Source.obj : error LNK2001: unresolved external symbol _avcodec_receive_frame
Source.obj : error LNK2001: unresolved external symbol _avcodec_open2
Source.obj : error LNK2001: unresolved external symbol _sf_strerror
Source.obj : error LNK2001: unresolved external symbol _avcodec_close
Source.obj : error LNK2001: unresolved external symbol _SDL_CreateTexture
Source.obj : error LNK2001: unresolved external symbol _sf_close
Source.obj : error LNK2001: unresolved external symbol _avcodec_alloc_context3
Source.obj : error LNK2001: unresolved external symbol _SDL_UpdateYUVTexture
Source.obj : error LNK2001: unresolved external symbol _av_packet_alloc
Source.obj : error LNK2001: unresolved external symbol _SDL_PollEvent
Source.obj : error LNK2001: unresolved external symbol _av_dump_format
Source.obj : error LNK2001: unresolved external symbol _SDL_CreateRenderer
Source.obj : error LNK2001: unresolved external symbol _SDL_RenderPresent
Source.obj : error LNK2001: unresolved external symbol _avcodec_send_packet
Source.obj : error LNK2001: unresolved external symbol _SDL_CreateWindow
Source.obj : error LNK2001: unresolved external symbol _av_packet_unref
Source.obj : error LNK2001: unresolved external symbol _avformat_find_stream_info
Source.obj : error LNK2001: unresolved external symbol _av_frame_alloc
Source.obj : error LNK2001: unresolved external symbol _sf_open
D:\Tech\MediaPlayer\Windows\Release\tplayer.exe : fatal error LNK1120: 34 unresolved externals
